<?xml version="1.0" encoding="UTF-8"?>
<!-- Generated by org.testng.reporters.JUnitReportReporter -->
<testsuite skipped="0" hostname="KANNADHASAN-PC" name="com.adactin.runner.Runner2" tests="1" failures="0" timestamp="2020-05-30T12:14:30 IST" time="342.985" errors="0">
  <testcase name="testAdactin" time="342.985" classname="com.adactin.runner.Runner2"/>
  <system-out/>
</testsuite> <!-- com.adactin.runner.Runner2 -->
